# JRE version: OpenJDK Runtime Environment Temurin-17.0.4.1+1 (17.0.4.1+1) (build 17.0.4.1+1)
# Java VM: OpenJDK 64-Bit Server VM Temurin-17.0.4.1+1 (17.0.4.1+1, mixed mode, tiered, compressed oops, compressed class ptrs, parallel gc, windows-amd64)
GC Precious Log:
 CPUs: 12 total, 12 available
 Memory: 7832M
 Large Page Support: Disabled
 NUMA Support: Disabled
 Compressed Oops: Enabled (32-bit)
 Alignments: Space 512K, Generation 512K, Heap 2M
 Heap Min Capacity: 100M
 Heap Initial Capacity: 100M
 Heap Max Capacity: 1G
 Pre-touch: Disabled
 Parallel Workers: 10
Heap:
 PSYoungGen      total 15872K, used 4382K [0x00000000eab00000, 0x00000000ebd00000, 0x0000000100000000)
  eden space 14848K, 24% used [0x00000000eab00000,0x00000000eae9fb30,0x00000000eb980000)
  from space 1024K, 65% used [0x00000000ebc00000,0x00000000ebca8000,0x00000000ebd00000)
  to   space 1536K, 0% used [0x00000000eba00000,0x00000000eba00000,0x00000000ebb80000)
 ParOldGen       total 68608K, used 42933K [0x00000000c0000000, 0x00000000c4300000, 0x00000000eab00000)
  object space 68608K, 62% used [0x00000000c0000000,0x00000000c29ed6c8,0x00000000c4300000)
 Metaspace       used 50843K, committed 51776K, reserved 1097728K
  class space    used 5417K, committed 5824K, reserved 1048576K
GC Heap History (20 events):
Event: 57.353 GC heap before
{Heap before GC invocations=23 (full 2):
 PSYoungGen      total 20480K, used 20160K [0x00000000eab00000, 0x00000000ec180000, 0x0000000100000000)
  eden space 18944K, 100% used [0x00000000eab00000,0x00000000ebd80000,0x00000000ebd80000)
  from space 1536K, 79% used [0x00000000ec000000,0x00000000ec130000,0x00000000ec180000)
  to   space 1536K, 0% used [0x00000000ebe80000,0x00000000ebe80000,0x00000000ec000000)
 ParOldGen       total 68608K, used 30602K [0x00000000c0000000, 0x00000000c4300000, 0x00000000eab00000)
  object space 68608K, 44% used [0x00000000c0000000,0x00000000c1de2a70,0x00000000c4300000)
 Metaspace       used 47170K, committed 48000K, reserved 1097728K
  class space    used 5069K, committed 5440K, reserved 1048576K
}
Event: 57.354 GC heap after
{Heap after GC invocations=23 (full 2):
 PSYoungGen      total 19456K, used 348K [0x00000000eab00000, 0x00000000ec080000, 0x0000000100000000)
  eden space 18944K, 0% used [0x00000000eab00000,0x00000000eab00000,0x00000000ebd80000)
  from space 512K, 68% used [0x00000000ebe80000,0x00000000ebed7230,0x00000000ebf00000)
  to   space 1024K, 0% used [0x00000000ebf80000,0x00000000ebf80000,0x00000000ec080000)
 ParOldGen       total 68608K, used 31682K [0x00000000c0000000, 0x00000000c4300000, 0x00000000eab00000)
  object space 68608K, 46% used [0x00000000c0000000,0x00000000c1ef0a70,0x00000000c4300000)
 Metaspace       used 47170K, committed 48000K, reserved 1097728K
  class space    used 5069K, committed 5440K, reserved 1048576K
}
Event: 58.476 GC heap before
{Heap before GC invocations=24 (full 2):
 PSYoungGen      total 19456K, used 19292K [0x00000000eab00000, 0x00000000ec080000, 0x0000000100000000)
  eden space 18944K, 100% used [0x00000000eab00000,0x00000000ebd80000,0x00000000ebd80000)
  from space 512K, 68% used [0x00000000ebe80000,0x00000000ebed7230,0x00000000ebf00000)
  to   space 1024K, 0% used [0x00000000ebf80000,0x00000000ebf80000,0x00000000ec080000)
 ParOldGen       total 68608K, used 31682K [0x00000000c0000000, 0x00000000c4300000, 0x00000000eab00000)
  object space 68608K, 46% used [0x00000000c0000000,0x00000000c1ef0a70,0x00000000c4300000)
 Metaspace       used 47690K, committed 48576K, reserved 1097728K
  class space    used 5127K, committed 5504K, reserved 1048576K
}
Event: 58.477 GC heap after
{Heap after GC invocations=24 (full 2):
 PSYoungGen      total 19968K, used 864K [0x00000000eab00000, 0x00000000ec080000, 0x0000000100000000)
  eden space 18944K, 0% used [0x00000000eab00000,0x00000000eab00000,0x00000000ebd80000)
  from space 1024K, 84% used [0x00000000ebf80000,0x00000000ec058000,0x00000000ec080000)
  to   space 1024K, 0% used [0x00000000ebe80000,0x00000000ebe80000,0x00000000ebf80000)
 ParOldGen       total 68608K, used 31794K [0x00000000c0000000, 0x00000000c4300000, 0x00000000eab00000)
  object space 68608K, 46% used [0x00000000c0000000,0x00000000c1f0ca70,0x00000000c4300000)
 Metaspace       used 47690K, committed 48576K, reserved 1097728K
  class space    used 5127K, committed 5504K, reserved 1048576K
}
Event: 70.664 GC heap before
{Heap before GC invocations=25 (full 2):
 PSYoungGen      total 19968K, used 19808K [0x00000000eab00000, 0x00000000ec080000, 0x0000000100000000)
  eden space 18944K, 100% used [0x00000000eab00000,0x00000000ebd80000,0x00000000ebd80000)
  from space 1024K, 84% used [0x00000000ebf80000,0x00000000ec058000,0x00000000ec080000)
  to   space 1024K, 0% used [0x00000000ebe80000,0x00000000ebe80000,0x00000000ebf80000)
 ParOldGen       total 68608K, used 31794K [0x00000000c0000000, 0x00000000c4300000, 0x00000000eab00000)
  object space 68608K, 46% used [0x00000000c0000000,0x00000000c1f0ca70,0x00000000c4300000)
 Metaspace       used 48006K, committed 48896K, reserved 1097728K
  class space    used 5159K, committed 5568K, reserved 1048576K
}
Event: 70.678 GC heap after
{Heap after GC invocations=25 (full 2):
 PSYoungGen      total 19456K, used 416K [0x00000000eab00000, 0x00000000ec000000, 0x0000000100000000)
  eden space 18944K, 0% used [0x00000000eab00000,0x00000000eab00000,0x00000000ebd80000)
  from space 512K, 81% used [0x00000000ebe80000,0x00000000ebee8000,0x00000000ebf00000)
  to   space 1024K, 0% used [0x00000000ebf00000,0x00000000ebf00000,0x00000000ec000000)
 ParOldGen       total 68608K, used 32506K [0x00000000c0000000, 0x00000000c4300000, 0x00000000eab00000)
  object space 68608K, 47% used [0x00000000c0000000,0x00000000c1fbea00,0x00000000c4300000)
 Metaspace       used 48006K, committed 48896K, reserved 1097728K
  class space    used 5159K, committed 5568K, reserved 1048576K
}
Event: 72.780 GC heap before
{Heap before GC invocations=26 (full 2):
 PSYoungGen      total 19456K, used 19360K [0x00000000eab00000, 0x00000000ec000000, 0x0000000100000000)
  eden space 18944K, 100% used [0x00000000eab00000,0x00000000ebd80000,0x00000000ebd80000)
  from space 512K, 81% used [0x00000000ebe80000,0x00000000ebee8000,0x00000000ebf00000)
  to   space 1024K, 0% used [0x00000000ebf00000,0x00000000ebf00000,0x00000000ec000000)
 ParOldGen       total 68608K, used 32506K [0x00000000c0000000, 0x00000000c4300000, 0x00000000eab00000)
  object space 68608K, 47% used [0x00000000c0000000,0x00000000c1fbea00,0x00000000c4300000)
 Metaspace       used 48692K, committed 49600K, reserved 1097728K
  class space    used 5213K, committed 5632K, reserved 1048576K
}
Event: 72.782 GC heap after
{Heap after GC invocations=26 (full 2):
 PSYoungGen      total 18944K, used 992K [0x00000000eab00000, 0x00000000ec280000, 0x0000000100000000)
  eden space 17920K, 0% used [0x00000000eab00000,0x00000000eab00000,0x00000000ebc80000)
  from space 1024K, 96% used [0x00000000ebf00000,0x00000000ebff8010,0x00000000ec000000)
  to   space 2560K, 0% used [0x00000000ebc80000,0x00000000ebc80000,0x00000000ebf00000)
 ParOldGen       total 68608K, used 33347K [0x00000000c0000000, 0x00000000c4300000, 0x00000000eab00000)
  object space 68608K, 48% used [0x00000000c0000000,0x00000000c2090d00,0x00000000c4300000)
 Metaspace       used 48692K, committed 49600K, reserved 1097728K
  class space    used 5213K, committed 5632K, reserved 1048576K
}
Event: 72.816 GC heap before
{Heap before GC invocations=27 (full 2):
 PSYoungGen      total 18944K, used 18912K [0x00000000eab00000, 0x00000000ec280000, 0x0000000100000000)
  eden space 17920K, 100% used [0x00000000eab00000,0x00000000ebc80000,0x00000000ebc80000)
  from space 1024K, 96% used [0x00000000ebf00000,0x00000000ebff8010,0x00000000ec000000)
  to   space 2560K, 0% used [0x00000000ebc80000,0x00000000ebc80000,0x00000000ebf00000)
 ParOldGen       total 68608K, used 33347K [0x00000000c0000000, 0x00000000c4300000, 0x00000000eab00000)
  object space 68608K, 48% used [0x00000000c0000000,0x00000000c2090d00,0x00000000c4300000)
 Metaspace       used 48719K, committed 49600K, reserved 1097728K
  class space    used 5213K, committed 5632K, reserved 1048576K
}
Event: 72.819 GC heap after
{Heap after GC invocations=27 (full 2):
 PSYoungGen      total 19968K, used 1856K [0x00000000eab00000, 0x00000000ec080000, 0x0000000100000000)
  eden space 17920K, 0% used [0x00000000eab00000,0x00000000eab00000,0x00000000ebc80000)
  from space 2048K, 90% used [0x00000000ebc80000,0x00000000ebe50010,0x00000000ebe80000)
  to   space 2048K, 0% used [0x00000000ebe80000,0x00000000ebe80000,0x00000000ec080000)
 ParOldGen       total 68608K, used 34318K [0x00000000c0000000, 0x00000000c4300000, 0x00000000eab00000)
  object space 68608K, 50% used [0x00000000c0000000,0x00000000c2183b00,0x00000000c4300000)
 Metaspace       used 48719K, committed 49600K, reserved 1097728K
  class space    used 5213K, committed 5632K, reserved 1048576K
}
Event: 72.873 GC heap before
{Heap before GC invocations=28 (full 2):
 PSYoungGen      total 19968K, used 19776K [0x00000000eab00000, 0x00000000ec080000, 0x0000000100000000)
  eden space 17920K, 100% used [0x00000000eab00000,0x00000000ebc80000,0x00000000ebc80000)
  from space 2048K, 90% used [0x00000000ebc80000,0x00000000ebe50010,0x00000000ebe80000)
  to   space 2048K, 0% used [0x00000000ebe80000,0x00000000ebe80000,0x00000000ec080000)
 ParOldGen       total 68608K, used 34318K [0x00000000c0000000, 0x00000000c4300000, 0x00000000eab00000)
  object space 68608K, 50% used [0x00000000c0000000,0x00000000c2183b00,0x00000000c4300000)
 Metaspace       used 48828K, committed 49728K, reserved 1097728K
  class space    used 5220K, committed 5632K, reserved 1048576K
}
Event: 72.876 GC heap after
{Heap after GC invocations=28 (full 2):
 PSYoungGen      total 19456K, used 2016K [0x00000000eab00000, 0x00000000ec180000, 0x0000000100000000)
  eden space 17408K, 0% used [0x00000000eab00000,0x00000000eab00000,0x00000000ebc00000)
  from space 2048K, 98% used [0x00000000ebe80000,0x00000000ec078010,0x00000000ec080000)
  to   space 2560K, 0% used [0x00000000ebc00000,0x00000000ebc00000,0x00000000ebe80000)
 ParOldGen       total 68608K, used 36006K [0x00000000c0000000, 0x00000000c4300000, 0x00000000eab00000)
  object space 68608K, 52% used [0x00000000c0000000,0x00000000c2329b00,0x00000000c4300000)
 Metaspace       used 48828K, committed 49728K, reserved 1097728K
  class space    used 5220K, committed 5632K, reserved 1048576K
}
Event: 72.894 GC heap before
{Heap before GC invocations=29 (full 2):
 PSYoungGen      total 19456K, used 19424K [0x00000000eab00000, 0x00000000ec180000, 0x0000000100000000)
  eden space 17408K, 100% used [0x00000000eab00000,0x00000000ebc00000,0x00000000ebc00000)
  from space 2048K, 98% used [0x00000000ebe80000,0x00000000ec078010,0x00000000ec080000)
  to   space 2560K, 0% used [0x00000000ebc00000,0x00000000ebc00000,0x00000000ebe80000)
 ParOldGen       total 68608K, used 36006K [0x00000000c0000000, 0x00000000c4300000, 0x00000000eab00000)
  object space 68608K, 52% used [0x00000000c0000000,0x00000000c2329b00,0x00000000c4300000)
 Metaspace       used 48830K, committed 49728K, reserved 1097728K
  class space    used 5220K, committed 5632K, reserved 1048576K
}
Event: 72.897 GC heap after
{Heap after GC invocations=29 (full 2):
 PSYoungGen      total 19456K, used 1920K [0x00000000eab00000, 0x00000000ec000000, 0x0000000100000000)
  eden space 17408K, 0% used [0x00000000eab00000,0x00000000eab00000,0x00000000ebc00000)
  from space 2048K, 93% used [0x00000000ebc00000,0x00000000ebde0000,0x00000000ebe00000)
  to   space 2048K, 0% used [0x00000000ebe00000,0x00000000ebe00000,0x00000000ec000000)
 ParOldGen       total 68608K, used 37885K [0x00000000c0000000, 0x00000000c4300000, 0x00000000eab00000)
  object space 68608K, 55% used [0x00000000c0000000,0x00000000c24ff6b8,0x00000000c4300000)
 Metaspace       used 48830K, committed 49728K, reserved 1097728K
  class space    used 5220K, committed 5632K, reserved 1048576K
}
Event: 72.916 GC heap before
{Heap before GC invocations=30 (full 2):
 PSYoungGen      total 19456K, used 19328K [0x00000000eab00000, 0x00000000ec000000, 0x0000000100000000)
  eden space 17408K, 100% used [0x00000000eab00000,0x00000000ebc00000,0x00000000ebc00000)
  from space 2048K, 93% used [0x00000000ebc00000,0x00000000ebde0000,0x00000000ebe00000)
  to   space 2048K, 0% used [0x00000000ebe00000,0x00000000ebe00000,0x00000000ec000000)
 ParOldGen       total 68608K, used 37885K [0x00000000c0000000, 0x00000000c4300000, 0x00000000eab00000)
  object space 68608K, 55% used [0x00000000c0000000,0x00000000c24ff6b8,0x00000000c4300000)
 Metaspace       used 48832K, committed 49728K, reserved 1097728K
  class space    used 5220K, committed 5632K, reserved 1048576K
}
Event: 72.919 GC heap after
{Heap after GC invocations=30 (full 2):
 PSYoungGen      total 16896K, used 2016K [0x00000000eab00000, 0x00000000ec500000, 0x0000000100000000)
  eden space 14848K, 0% used [0x00000000eab00000,0x00000000eab00000,0x00000000eb980000)
  from space 2048K, 98% used [0x00000000ebe00000,0x00000000ebff8010,0x00000000ec000000)
  to   space 4608K, 0% used [0x00000000eb980000,0x00000000eb980000,0x00000000ebe00000)
 ParOldGen       total 68608K, used 39733K [0x00000000c0000000, 0x00000000c4300000, 0x00000000eab00000)
  object space 68608K, 57% used [0x00000000c0000000,0x00000000c26cd6b8,0x00000000c4300000)
 Metaspace       used 48832K, committed 49728K, reserved 1097728K
  class space    used 5220K, committed 5632K, reserved 1048576K
}
Event: 72.937 GC heap before
{Heap before GC invocations=31 (full 2):
 PSYoungGen      total 16896K, used 16864K [0x00000000eab00000, 0x00000000ec500000, 0x0000000100000000)
  eden space 14848K, 100% used [0x00000000eab00000,0x00000000eb980000,0x00000000eb980000)
  from space 2048K, 98% used [0x00000000ebe00000,0x00000000ebff8010,0x00000000ec000000)
  to   space 4608K, 0% used [0x00000000eb980000,0x00000000eb980000,0x00000000ebe00000)
 ParOldGen       total 68608K, used 39733K [0x00000000c0000000, 0x00000000c4300000, 0x00000000eab00000)
  object space 68608K, 57% used [0x00000000c0000000,0x00000000c26cd6b8,0x00000000c4300000)
 Metaspace       used 48832K, committed 49728K, reserved 1097728K
  class space    used 5220K, committed 5632K, reserved 1048576K
}
Event: 72.940 GC heap after
{Heap after GC invocations=31 (full 2):
 PSYoungGen      total 16384K, used 1280K [0x00000000eab00000, 0x00000000ebe80000, 0x0000000100000000)
  eden space 14848K, 0% used [0x00000000eab00000,0x00000000eab00000,0x00000000eb980000)
  from space 1536K, 83% used [0x00000000eb980000,0x00000000ebac0000,0x00000000ebb00000)
  to   space 2560K, 0% used [0x00000000ebc00000,0x00000000ebc00000,0x00000000ebe80000)
 ParOldGen       total 68608K, used 41741K [0x00000000c0000000, 0x00000000c4300000, 0x00000000eab00000)
  object space 68608K, 60% used [0x00000000c0000000,0x00000000c28c36c8,0x00000000c4300000)
 Metaspace       used 48832K, committed 49728K, reserved 1097728K
  class space    used 5220K, committed 5632K, reserved 1048576K
}
Event: 73.084 GC heap before
{Heap before GC invocations=32 (full 2):
 PSYoungGen      total 16384K, used 16128K [0x00000000eab00000, 0x00000000ebe80000, 0x0000000100000000)
  eden space 14848K, 100% used [0x00000000eab00000,0x00000000eb980000,0x00000000eb980000)
  from space 1536K, 83% used [0x00000000eb980000,0x00000000ebac0000,0x00000000ebb00000)
  to   space 2560K, 0% used [0x00000000ebc00000,0x00000000ebc00000,0x00000000ebe80000)
 ParOldGen       total 68608K, used 41741K [0x00000000c0000000, 0x00000000c4300000, 0x00000000eab00000)
  object space 68608K, 60% used [0x00000000c0000000,0x00000000c28c36c8,0x00000000c4300000)
 Metaspace       used 50440K, committed 51392K, reserved 1097728K
  class space    used 5363K, committed 5760K, reserved 1048576K
}
Event: 73.086 GC heap after
{Heap after GC invocations=32 (full 2):
 PSYoungGen      total 15872K, used 672K [0x00000000eab00000, 0x00000000ebd00000, 0x0000000100000000)
  eden space 14848K, 0% used [0x00000000eab00000,0x00000000eab00000,0x00000000eb980000)
  from space 1024K, 65% used [0x00000000ebc00000,0x00000000ebca8000,0x00000000ebd00000)
  to   space 1536K, 0% used [0x00000000eba00000,0x00000000eba00000,0x00000000ebb80000)
 ParOldGen       total 68608K, used 42933K [0x00000000c0000000, 0x00000000c4300000, 0x00000000eab00000)
  object space 68608K, 62% used [0x00000000c0000000,0x00000000c29ed6c8,0x00000000c4300000)
 Metaspace       used 50440K, committed 51392K, reserved 1097728K
  class space    used 5363K, committed 5760K, reserved 1048576K
}

